2022.11.15 22:34:35 INFO  tracing is disabled for protocol LSP, to enable tracing of incoming and outgoing JSON messages create an empty file at c:\Users\Usuario iTC\Desktop\Universidad\Ciclo 3\Programacion\mini-proyecto-programacionFuncional\.metals\lsp.trace.json or C:\Users\Usuario iTC\AppData\Local\scalameta\metals\cache\lsp.trace.json
2022.11.15 22:34:36 INFO  logging to file C:\Users\Usuario iTC\Desktop\Universidad\Ciclo 3\Programacion\mini-proyecto-programacionFuncional\.metals\metals.log
2022.11.15 22:34:36 INFO  Started: Metals version 0.11.9 in workspace 'C:\Users\Usuario iTC\Desktop\Universidad\Ciclo 3\Programacion\mini-proyecto-programacionFuncional' for client Visual Studio Code 1.73.1.
2022.11.15 22:34:37 INFO  time: initialize in 1.25s
2022.11.15 22:34:38 WARN  Build server is not auto-connectable.
2022.11.15 22:34:38 WARN  no build tool detected in workspace 'C:\Users\Usuario iTC\Desktop\Universidad\Ciclo 3\Programacion\mini-proyecto-programacionFuncional'. The most common cause for this problem is that the editor was opened in the wrong working directory, for example if you use sbt then the workspace directory should contain build.sbt. 
2022.11.15 22:34:44 INFO  no build target found for C:\Users\Usuario iTC\Desktop\Universidad\Ciclo 3\Programacion\mini-proyecto-programacionFuncional\mini-proyecto.worksheet.sc. Using presentation compiler with project's scala-library version: 3.2.0
2022.11.15 22:34:47 INFO  time: code lens generation in 8.43s
2022.11.15 22:34:48 INFO  no build target found for C:\Users\Usuario iTC\Desktop\Universidad\Ciclo 3\Programacion\mini-proyecto-programacionFuncional\mini-proyecto.worksheet.sc. Using presentation compiler with project's scala-library version: 3.2.0
2022.11.15 22:34:47 INFO  time: evaluated worksheet 'mini-proyecto.worksheet.sc' in 9.51s
nov. 15, 2022 10:43:11 P. M. org.eclipse.lsp4j.jsonrpc.RemoteEndpoint handleCancellation
WARNING: Unmatched cancel notification for request id 25
2022.11.15 22:43:16 INFO  time: evaluated worksheet 'mini-proyecto.worksheet.sc' in 1.23s
2022.11.15 22:43:41 INFO  time: evaluated worksheet 'mini-proyecto.worksheet.sc' in 1.03s
2022.11.15 22:43:41 INFO  time: evaluated worksheet 'mini-proyecto.worksheet.sc' in 0.83s
2022.11.15 22:45:01 INFO  time: evaluated worksheet 'mini-proyecto.worksheet.sc' in 0.77s
2022.11.15 22:45:17 INFO  time: evaluated worksheet 'mini-proyecto.worksheet.sc' in 0.66s
2022.11.15 22:45:17 INFO  time: evaluated worksheet 'mini-proyecto.worksheet.sc' in 0.71s
2022.11.15 22:45:49 INFO  time: evaluated worksheet 'mini-proyecto.worksheet.sc' in 0.69s
nov. 15, 2022 10:45:55 P. M. org.eclipse.lsp4j.jsonrpc.RemoteEndpoint handleCancellation
WARNING: Unmatched cancel notification for request id 155
2022.11.15 22:46:11 INFO  time: evaluated worksheet 'mini-proyecto.worksheet.sc' in 0.72s
[31merror[39m: mini-proyecto.worksheet.sc:82:12: identifier expected but ( found
def margen((f: Double, ))
           ^
2022.11.15 22:51:16 INFO  time: evaluated worksheet 'mini-proyecto.worksheet.sc' in 0.28s
2022.11.15 22:56:32 INFO  time: evaluated worksheet 'mini-proyecto.worksheet.sc' in 0.96s
nov. 15, 2022 10:57:22 P. M. org.eclipse.lsp4j.jsonrpc.RemoteEndpoint handleCancellation
WARNING: Unmatched cancel notification for request id 694
nov. 15, 2022 10:57:33 P. M. org.eclipse.lsp4j.jsonrpc.RemoteEndpoint handleCancellation
WARNING: Unmatched cancel notification for request id 755
2022.11.15 22:58:14 INFO  time: evaluated worksheet 'mini-proyecto.worksheet.sc' in 0.88s
2022.11.15 22:58:37 INFO  time: evaluated worksheet 'mini-proyecto.worksheet.sc' in 0.96s
2022.11.15 23:01:29 INFO  shutting down Metals
2022.11.15 23:01:29 INFO  time: evaluated worksheet 'mini-proyecto.worksheet.sc' in 0.81s
2022.11.15 23:51:15 INFO  tracing is disabled for protocol LSP, to enable tracing of incoming and outgoing JSON messages create an empty file at c:\Users\Usuario iTC\Desktop\Universidad\Ciclo 3\Programacion\mini-proyecto-programacionFuncional\.metals\lsp.trace.json or C:\Users\Usuario iTC\AppData\Local\scalameta\metals\cache\lsp.trace.json
2022.11.15 23:51:15 INFO  logging to file C:\Users\Usuario iTC\Desktop\Universidad\Ciclo 3\Programacion\mini-proyecto-programacionFuncional\.metals\metals.log
